app/manifest-merger-release-report.txt
-- Merging decision tree log ---
manifest
ADDED from AndroidManifest.xml:2:1
	xmlns:android
		ADDED from AndroidManifest.xml:2:11
	package
		ADDED from AndroidManifest.xml:3:5
		INJECTED from AndroidManifest.xml:0:0
		INJECTED from AndroidManifest.xml:0:0
	android:versionName
		ADDED from AndroidManifest.xml:5:5
	android:versionCode
		ADDED from AndroidManifest.xml:4:5
		INJECTED from AndroidManifest.xml:0:0
		INJECTED from AndroidManifest.xml:0:0
uses-sdk
ADDED from AndroidManifest.xml:7:5
MERGED from com.android.support:appcompat-v7:19.1.0:18:5
	android:targetSdkVersion
		ADDED from AndroidManifest.xml:9:9
		INJECTED from AndroidManifest.xml:0:0
		INJECTED from AndroidManifest.xml:0:0
	android:minSdkVersion
		ADDED from AndroidManifest.xml:8:9
		INJECTED from AndroidManifest.xml:0:0
		INJECTED from AndroidManifest.xml:0:0
uses-permission#android.permission.INTERNET
ADDED from AndroidManifest.xml:11:5
	android:name
		ADDED from AndroidManifest.xml:11:22
uses-permission#android.permission.ACCESS_NETWORK_STATE
ADDED from AndroidManifest.xml:12:5
	android:name
		ADDED from AndroidManifest.xml:12:22
uses-permission#android.permission.VIBRATE
ADDED from AndroidManifest.xml:13:5
	android:name
		ADDED from AndroidManifest.xml:13:22
uses-permission#com.android.launcher.permission.INSTALL_SHORTCUT
ADDED from AndroidManifest.xml:14:5
	android:name
		ADDED from AndroidManifest.xml:14:22
uses-permission#android.permission.RECEIVE_BOOT_COMPLETED
ADDED from AndroidManifest.xml:15:5
	android:name
		ADDED from AndroidManifest.xml:15:22
application
ADDED from AndroidManifest.xml:17:5
MERGED from com.android.support:appcompat-v7:19.1.0:19:5
	android:label
		ADDED from AndroidManifest.xml:20:9
	android:allowBackup
		ADDED from AndroidManifest.xml:18:9
	android:icon
		ADDED from AndroidManifest.xml:19:9
	android:theme
		ADDED from AndroidManifest.xml:21:9
activity#com.nils.electricitywatercuts.MainActivity
ADDED from AndroidManifest.xml:22:9
	android:label
		ADDED from AndroidManifest.xml:25:13
	android:configChanges
		ADDED from AndroidManifest.xml:24:13
	android:name
		ADDED from AndroidManifest.xml:23:13
intent-filter#android.intent.action.MAIN+android.intent.category.LAUNCHER
ADDED from AndroidManifest.xml:26:13
action#android.intent.action.MAIN
ADDED from AndroidManifest.xml:27:17
	android:name
		ADDED from AndroidManifest.xml:27:25
category#android.intent.category.LAUNCHER
ADDED from AndroidManifest.xml:28:17
	android:name
		ADDED from AndroidManifest.xml:28:27
activity#com.nils.electricitywatercuts.SearchCutsActivity
ADDED from AndroidManifest.xml:33:3
	android:label
		ADDED from AndroidManifest.xml:34:13
	android:name
		ADDED from AndroidManifest.xml:33:13
	android:launchMode
		ADDED from AndroidManifest.xml:35:13
intent-filter#android.intent.action.SEARCH+android.intent.category.DEFAULT
ADDED from AndroidManifest.xml:36:5
action#android.intent.action.SEARCH
ADDED from AndroidManifest.xml:37:7
	android:name
		ADDED from AndroidManifest.xml:37:15
category#android.intent.category.DEFAULT
ADDED from AndroidManifest.xml:38:7
	android:name
		ADDED from AndroidManifest.xml:38:17
meta-data#android.app.searchable
ADDED from AndroidManifest.xml:40:5
	android:resource
		ADDED from AndroidManifest.xml:42:7
	android:name
		ADDED from AndroidManifest.xml:41:7
meta-data#android.app.default_searchable
ADDED from AndroidManifest.xml:46:6
	android:name
		ADDED from AndroidManifest.xml:46:17
	android:value
		ADDED from AndroidManifest.xml:47:13
activity#com.nils.electricitywatercuts.CutPreferencesActivity
ADDED from AndroidManifest.xml:49:9
	android:name
		ADDED from AndroidManifest.xml:49:19
provider#com.nils.electricitywatercuts.CutsProvider
ADDED from AndroidManifest.xml:51:9
	android:exported
		ADDED from AndroidManifest.xml:53:19
	android:authorities
		ADDED from AndroidManifest.xml:52:19
	android:name
		ADDED from AndroidManifest.xml:51:19
service#com.nils.electricitywatercuts.CutsUpdateService
ADDED from AndroidManifest.xml:55:6
	android:enabled
		ADDED from AndroidManifest.xml:55:15
	android:name
		ADDED from AndroidManifest.xml:55:38
receiver#com.nils.electricitywatercuts.CutsAlarmReceiver
ADDED from AndroidManifest.xml:57:6
	android:exported
		ADDED from AndroidManifest.xml:57:50
	android:name
		ADDED from AndroidManifest.xml:57:16
intent-filter#com.nils.electricitywatercuts.ACTION_REFRESH_CUTS_ALARM
ADDED from AndroidManifest.xml:58:5
action#com.nils.electricitywatercuts.ACTION_REFRESH_CUTS_ALARM
ADDED from AndroidManifest.xml:59:7
	android:name
		ADDED from AndroidManifest.xml:59:15
intent-filter#android.intent.action.BOOT_COMPLETED
ADDED from AndroidManifest.xml:64:5
action#android.intent.action.BOOT_COMPLETED
ADDED from AndroidManifest.xml:65:4
	android:name
		ADDED from AndroidManifest.xml:65:12